ParseStarterProject/build/outputs/logs/manifest-merger-debug-report.txt
-- Merging decision tree log ---
manifest
ADDED from src/main/AndroidManifest.xml:10:1-74:12
	xmlns:android
		ADDED from src/main/AndroidManifest.xml:11:11-69
	package
		ADDED from src/main/AndroidManifest.xml:10:11-38
		INJECTED from src/main/AndroidManifest.xml
		INJECTED from src/main/AndroidManifest.xml
	android:versionName
		INJECTED from src/main/AndroidManifest.xml
		INJECTED from src/main/AndroidManifest.xml
	android:versionCode
		INJECTED from src/main/AndroidManifest.xml
		INJECTED from src/main/AndroidManifest.xml
uses-permission#android.permission.INTERNET
ADDED from src/main/AndroidManifest.xml:13:5-66
	android:name
		ADDED from src/main/AndroidManifest.xml:13:22-64
uses-permission#android.permission.ACCESS_NETWORK_STATE
ADDED from src/main/AndroidManifest.xml:14:5-78
	android:name
		ADDED from src/main/AndroidManifest.xml:14:22-76
uses-permission#android.permission.READ_EXTERNAL_STORAGE
ADDED from src/main/AndroidManifest.xml:15:5-79
	android:name
		ADDED from src/main/AndroidManifest.xml:15:22-77
application
ADDED from src/main/AndroidManifest.xml:17:5-72:19
MERGED from [com.android.support:appcompat-v7:22.2.1] AndroidManifest.xml:22:5-20
MERGED from [com.android.support:support-v4:22.2.1] AndroidManifest.xml:22:5-20
MERGED from [com.android.support:appcompat-v7:22.2.1] AndroidManifest.xml:22:5-20
MERGED from [com.android.support:support-v4:22.2.1] AndroidManifest.xml:22:5-20
MERGED from [com.android.support:design:22.2.1] AndroidManifest.xml:22:5-20
MERGED from [com.android.support:appcompat-v7:22.2.1] AndroidManifest.xml:22:5-20
MERGED from [com.android.support:support-v4:22.2.1] AndroidManifest.xml:22:5-20
MERGED from [com.android.support:support-v4:22.2.1] AndroidManifest.xml:22:5-20
	android:label
		ADDED from src/main/AndroidManifest.xml:21:9-41
	android:allowBackup
		ADDED from src/main/AndroidManifest.xml:19:9-35
	android:icon
		ADDED from src/main/AndroidManifest.xml:20:9-43
	android:theme
		ADDED from src/main/AndroidManifest.xml:22:9-40
	android:name
		ADDED from src/main/AndroidManifest.xml:18:9-43
meta-data#com.parse.APPLICATION_ID
ADDED from src/main/AndroidManifest.xml:23:9-25:51
	android:name
		ADDED from src/main/AndroidManifest.xml:24:13-52
	android:value
		ADDED from src/main/AndroidManifest.xml:25:13-49
meta-data#com.parse.CLIENT_KEY
ADDED from src/main/AndroidManifest.xml:26:9-28:55
	android:name
		ADDED from src/main/AndroidManifest.xml:27:13-48
	android:value
		ADDED from src/main/AndroidManifest.xml:28:13-53
activity#com.parse.starter.MainActivity
ADDED from src/main/AndroidManifest.xml:30:9-38:20
	android:label
		ADDED from src/main/AndroidManifest.xml:32:13-45
	android:name
		ADDED from src/main/AndroidManifest.xml:31:13-41
intent-filter#android.intent.action.MAIN+android.intent.category.LAUNCHER
ADDED from src/main/AndroidManifest.xml:33:13-37:29
action#android.intent.action.MAIN
ADDED from src/main/AndroidManifest.xml:34:17-68
	android:name
		ADDED from src/main/AndroidManifest.xml:34:25-66
category#android.intent.category.LAUNCHER
ADDED from src/main/AndroidManifest.xml:36:17-76
	android:name
		ADDED from src/main/AndroidManifest.xml:36:27-74
activity#com.parse.starter.Register
ADDED from src/main/AndroidManifest.xml:39:9-42:46
	android:label
		ADDED from src/main/AndroidManifest.xml:41:13-60
	android:theme
		ADDED from src/main/AndroidManifest.xml:42:13-44
	android:name
		ADDED from src/main/AndroidManifest.xml:40:13-37
activity#com.parse.starter.Search
ADDED from src/main/AndroidManifest.xml:43:9-46:46
	android:label
		ADDED from src/main/AndroidManifest.xml:45:13-58
	android:theme
		ADDED from src/main/AndroidManifest.xml:46:13-44
	android:name
		ADDED from src/main/AndroidManifest.xml:44:13-35
activity#com.parse.starter.Create
ADDED from src/main/AndroidManifest.xml:47:9-50:46
	android:label
		ADDED from src/main/AndroidManifest.xml:49:13-58
	android:theme
		ADDED from src/main/AndroidManifest.xml:50:13-44
	android:name
		ADDED from src/main/AndroidManifest.xml:48:13-35
activity#com.parse.starter.MyGroup
ADDED from src/main/AndroidManifest.xml:51:9-54:46
	android:label
		ADDED from src/main/AndroidManifest.xml:53:13-60
	android:theme
		ADDED from src/main/AndroidManifest.xml:54:13-44
	android:name
		ADDED from src/main/AndroidManifest.xml:52:13-36
activity#com.parse.starter.Setting
ADDED from src/main/AndroidManifest.xml:55:9-58:46
	android:label
		ADDED from src/main/AndroidManifest.xml:57:13-59
	android:theme
		ADDED from src/main/AndroidManifest.xml:58:13-44
	android:name
		ADDED from src/main/AndroidManifest.xml:56:13-36
activity#com.parse.starter.SearchResult
ADDED from src/main/AndroidManifest.xml:59:9-62:46
	android:label
		ADDED from src/main/AndroidManifest.xml:61:13-65
	android:theme
		ADDED from src/main/AndroidManifest.xml:62:13-44
	android:name
		ADDED from src/main/AndroidManifest.xml:60:13-41
activity#com.parse.starter.Room
ADDED from src/main/AndroidManifest.xml:63:9-66:46
	android:label
		ADDED from src/main/AndroidManifest.xml:65:13-56
	android:theme
		ADDED from src/main/AndroidManifest.xml:66:13-44
	android:name
		ADDED from src/main/AndroidManifest.xml:64:13-33
activity#com.parse.starter.AccountSetting
ADDED from src/main/AndroidManifest.xml:67:9-71:20
	android:label
		ADDED from src/main/AndroidManifest.xml:69:13-67
	android:theme
		ADDED from src/main/AndroidManifest.xml:70:13-44
	android:name
		ADDED from src/main/AndroidManifest.xml:68:13-43
uses-sdk
INJECTED from src/main/AndroidManifest.xml reason: use-sdk injection requested
MERGED from [com.android.support:appcompat-v7:22.2.1] AndroidManifest.xml:20:5-43
MERGED from [com.android.support:support-v4:22.2.1] AndroidManifest.xml:20:5-43
MERGED from [com.android.support:appcompat-v7:22.2.1] AndroidManifest.xml:20:5-43
MERGED from [com.android.support:support-v4:22.2.1] AndroidManifest.xml:20:5-43
MERGED from [com.android.support:design:22.2.1] AndroidManifest.xml:20:5-43
MERGED from [com.android.support:appcompat-v7:22.2.1] AndroidManifest.xml:20:5-43
MERGED from [com.android.support:support-v4:22.2.1] AndroidManifest.xml:20:5-43
MERGED from [com.android.support:support-v4:22.2.1] AndroidManifest.xml:20:5-43
	android:targetSdkVersion
		INJECTED from src/main/AndroidManifest.xml
		INJECTED from src/main/AndroidManifest.xml
	android:minSdkVersion
		INJECTED from src/main/AndroidManifest.xml
		INJECTED from src/main/AndroidManifest.xml